#
# There is insufficient memory for the Java Runtime Environment to continue.
# Native memory allocation (mmap) failed to map 266338304 bytes for Failed to commit area from 0x0000000702600000 to 0x0000000712400000 of length 266338304.
# Possible reasons:
#   The system is out of physical RAM or swap space
#   The process is running with CompressedOops enabled, and the Java Heap may be blocking the growth of the native heap
# Possible solutions:
#   Reduce memory load on the system
#   Increase physical memory or swap space
#   Check if swap backing store is full
#   Decrease Java heap size (-Xmx/-Xms)
#   Decrease number of Java threads
#   Decrease Java thread stack sizes (-Xss)
#   Set larger code cache with -XX:ReservedCodeCacheSize=
# This output file may be truncated or incomplete.
#
#  Out of Memory Error (./src/hotspot/os/windows/os_windows.cpp:3521), pid=22816, tid=23548
#
# JRE version:  (11.0.12+7) (build )
# Java VM: OpenJDK 64-Bit Server VM (11.0.12+7-b1504.28-7817840, mixed mode, sharing, tiered, compressed oops, g1 gc, windows-amd64)
# No core dump will be written. Minidumps are not enabled by default on client versions of Windows
#

---------------  S U M M A R Y ------------

Command Line: org.jetbrains.kotlin.cli.jvm.K2JVMCompiler @C:\Users\user\AndroidStudioProjects\MyFirstScreen\app\build\20220822_13769308312520994029.compiler.options

Host: Intel(R) Core(TM) i7-8650U CPU @ 1.90GHz, 8 cores, 15G,  Windows 10 , 64 bit Build 17763 (10.0.17763.475)
Time: Mon Aug 22 18:15:07 2022 India Standard Time elapsed time: 0.009845 seconds (0d 0h 0m 0s)

---------------  T H R E A D  ---------------

Current thread (0x000001f0c1efe000):  JavaThread "Unknown thread" [_thread_in_vm, id=23548, stack(0x0000004420100000,0x0000004420200000)]

Stack: [0x0000004420100000,0x0000004420200000]
Native frames: (J=compiled Java code, j=interpreted, Vv=VM code, C=native code)
V  [jvm.dll+0x5fbcea]
V  [jvm.dll+0x731905]
V  [jvm.dll+0x732f1d]
V  [jvm.dll+0x7335d3]
V  [jvm.dll+0x247bf8]
V  [jvm.dll+0x5f90b4]
V  [jvm.dll+0x5edc85]
V  [jvm.dll+0x305aeb]
V  [jvm.dll+0x305a5a]
V  [jvm.dll+0x305932]
V  [jvm.dll+0x30a896]
V  [jvm.dll+0x353803]
V  [jvm.dll+0x353f06]
V  [jvm.dll+0x353903]
V  [jvm.dll+0x2e0678]
V  [jvm.dll+0x2e1827]
V  [jvm.dll+0x710037]
V  [jvm.dll+0x71182c]
V  [jvm.dll+0x360da9]
V  [jvm.dll+0x6f390e]
V  [jvm.dll+0x3c9723]
V  [jvm.dll+0x3cb9b1]
C  [jli.dll+0x536b]
C  [ucrtbase.dll+0x2268a]
C  [KERNEL32.DLL+0x17974]
C  [ntdll.dll+0x5a0b1]


---------------  P R O C E S S  ---------------

Threads class SMR info:
_java_thread_list=0x000001f0bfcd75f0, length=0, elements={
}

Java Threads: ( => current thread )

Other Threads:
  0x000001f0c1f15800 GCTaskThread "GC Thread#0" [stack: 0x0000004420200000,0x0000004420300000] [id=944]
  0x000001f0c1f73000 ConcurrentGCThread "G1 Main Marker" [stack: 0x0000004420300000,0x0000004420400000] [id=8076]
  0x000001f0c1f74000 ConcurrentGCThread "G1 Conc#0" [stack: 0x0000004420400000,0x0000004420500000] [id=24492]

[error occurred during error reporting (printing all threads), id 0xc0000005, EXCEPTION_ACCESS_VIOLATION (0xc0000005) at pc=0x00007ffeece40be7]

VM state:not at safepoint (not fully initialized)

VM Mutex/Monitor currently owned by a thread:  ([mutex/lock_event])
[0x000001f0c1efa320] Heap_lock - owner thread: 0x000001f0c1efe000

Heap address: 0x0000000702600000, size: 4058 MB, Compressed Oops mode: Non-zero based: 0x0000000702600000
Narrow klass base: 0x0000000000000000, Narrow klass shift: 0

GC Heap History (0 events):
No events

Deoptimization events (0 events):
No events

Classes redefined (0 events):
No events

Internal exceptions (0 events):
No events

Events (1 events):
Event: 0.006 Loaded shared library C:\Program Files\Android\Android Studio\jre\bin\zip.dll


Dynamic libraries:
0x00007ff6e4230000 - 0x00007ff6e423a000 	C:\Program Files\Android\Android Studio\jre\bin\java.exe
0x00007fff554c0000 - 0x00007fff556ad000 	C:\Windows\SYSTEM32\ntdll.dll
0x00007fff551c0000 - 0x00007fff55273000 	C:\Windows\System32\KERNEL32.DLL
0x00007fff523c0000 - 0x00007fff52655000 	C:\Windows\System32\KERNELBASE.dll
0x00007fff51570000 - 0x00007fff5166a000 	C:\Windows\System32\ucrtbase.dll
0x00007fff3e000000 - 0x00007fff3e019000 	C:\Program Files\Android\Android Studio\jre\bin\jli.dll
0x00007fff2cdf0000 - 0x00007fff2ce07000 	C:\Program Files\Android\Android Studio\jre\bin\VCRUNTIME140.dll
0x00007fff54eb0000 - 0x00007fff55047000 	C:\Windows\System32\USER32.dll
0x00007fff52160000 - 0x00007fff52180000 	C:\Windows\System32\win32u.dll
0x00007fff31110000 - 0x00007fff31389000 	C:\Windows\WinSxS\amd64_microsoft.windows.common-controls_6595b64144ccf1df_6.0.17763.1577_none_de7444545348a3d0\COMCTL32.dll
0x00007fff52970000 - 0x00007fff52999000 	C:\Windows\System32\GDI32.dll
0x00007fff532b0000 - 0x00007fff5334e000 	C:\Windows\System32\msvcrt.dll
0x00007fff52180000 - 0x00007fff5231c000 	C:\Windows\System32\gdi32full.dll
0x00007fff520c0000 - 0x00007fff52160000 	C:\Windows\System32\msvcp_win.dll
0x00007fff52e20000 - 0x00007fff5314d000 	C:\Windows\System32\combase.dll
0x00007fff53150000 - 0x00007fff53272000 	C:\Windows\System32\RPCRT4.dll
0x00007fff52340000 - 0x00007fff523be000 	C:\Windows\System32\bcryptPrimitives.dll
0x00007fff53280000 - 0x00007fff532ae000 	C:\Windows\System32\IMM32.DLL
0x00007fff2cad0000 - 0x00007fff2cb6d000 	C:\Program Files\Android\Android Studio\jre\bin\msvcp140.dll
0x00007ffeecb50000 - 0x00007ffeed635000 	C:\Program Files\Android\Android Studio\jre\bin\server\jvm.dll
0x00007fff55280000 - 0x00007fff55323000 	C:\Windows\System32\ADVAPI32.dll
0x00007fff55330000 - 0x00007fff553ce000 	C:\Windows\System32\sechost.dll
0x00007fff54e40000 - 0x00007fff54e48000 	C:\Windows\System32\PSAPI.DLL
0x00007fff3bd00000 - 0x00007fff3bd09000 	C:\Windows\SYSTEM32\WSOCK32.dll
0x00007fff4cbb0000 - 0x00007fff4cbd4000 	C:\Windows\SYSTEM32\WINMM.dll
0x00007fff4c820000 - 0x00007fff4c82a000 	C:\Windows\SYSTEM32\VERSION.dll
0x00007fff53350000 - 0x00007fff533bd000 	C:\Windows\System32\WS2_32.dll
0x00007fff4cb50000 - 0x00007fff4cb7d000 	C:\Windows\SYSTEM32\WINMMBASE.dll
0x00007fff52660000 - 0x00007fff526aa000 	C:\Windows\System32\cfgmgr32.dll
0x00007fff514a0000 - 0x00007fff514b1000 	C:\Windows\System32\kernel.appcore.dll
0x00007fff2cdd0000 - 0x00007fff2cde1000 	C:\Program Files\Android\Android Studio\jre\bin\verify.dll
0x00007fff4fe30000 - 0x00007fff5001d000 	C:\Windows\SYSTEM32\DBGHELP.DLL
0x00007fff43fb0000 - 0x00007fff43fda000 	C:\Windows\SYSTEM32\dbgcore.DLL
0x00007fff2cda0000 - 0x00007fff2cdc9000 	C:\Program Files\Android\Android Studio\jre\bin\java.dll
0x00007fff41ee0000 - 0x00007fff41eeb000 	C:\Program Files\Android\Android Studio\jre\bin\jimage.dll
0x00007fff2cd80000 - 0x00007fff2cd98000 	C:\Program Files\Android\Android Studio\jre\bin\zip.dll

dbghelp: loaded successfully - version: 4.0.5 - missing functions: none
symbol engine: initialized successfully - sym options: 0x614 - pdb path: .;C:\Program Files\Android\Android Studio\jre\bin;C:\Windows\SYSTEM32;C:\Windows\WinSxS\amd64_microsoft.windows.common-controls_6595b64144ccf1df_6.0.17763.1577_none_de7444545348a3d0;C:\Program Files\Android\Android Studio\jre\bin\server

VM Arguments:
java_command: org.jetbrains.kotlin.cli.jvm.K2JVMCompiler @C:\Users\user\AndroidStudioProjects\MyFirstScreen\app\build\20220822_13769308312520994029.compiler.options
java_class_path (initial): C:\Users\user\.gradle\caches\modules-2\files-2.1\org.jetbrains.kotlin\kotlin-compiler-embeddable\1.6.10\88f2073f4020cdb83132cfe940ceb9a60aba54ea\kotlin-compiler-embeddable-1.6.10.jar;C:\Users\user\.gradle\caches\modules-2\files-2.1\org.jetbrains.kotlin\kotlin-reflect\1.6.10\1cbe9c92c12a94eea200d23c2bbaedaf3daf5132\kotlin-reflect-1.6.10.jar;C:\Users\user\.gradle\caches\modules-2\files-2.1\org.jetbrains.kotlin\kotlin-stdlib\1.6.10\b8af3fe6f1ca88526914929add63cf5e7c5049af\kotlin-stdlib-1.6.10.jar;C:\Users\user\.gradle\caches\modules-2\files-2.1\org.jetbrains.kotlin\kotlin-script-runtime\1.6.10\d0a7ff2e2500ef497ed0214ae40ad3c8387a6164\kotlin-script-runtime-1.6.10.jar;C:\Users\user\.gradle\caches\modules-2\files-2.1\org.jetbrains.kotlin\kotlin-daemon-embeddable\1.6.10\a56d79bcbea411fa6058e4ecffc2de73e742bd2a\kotlin-daemon-embeddable-1.6.10.jar;C:\Users\user\.gradle\caches\modules-2\files-2.1\org.jetbrains.intellij.deps\trove4j\1.0.20181211\216c2e14b070f334479d800987affe4054cd563f\trove4j-1.0.20181211.jar;C:\Users\user\.gradle\caches\modules-2\files-2.1\net.java.dev.jna\jna\5.6.0\330f2244e9030119ab3030fc3fededc86713d9cc\jna-5.6.0.jar;C:\Users\user\.gradle\caches\modules-2\files-2.1\org.jetbrains\annotations\13.0\919f0dfe192fb4e063e7dacadee7f8bb9a2672a9\annotations-13.0.jar;C:\Users\user\.gradle\caches\modules-2\files-2.1\org.jetbrains.kotlin\kotlin-stdlib-common\1.6.10\c118700e3a33c8a0d9adc920e9dec0831171925\kotlin-stdlib-common-1.6.10.jar
Launcher Type: SUN_STANDARD

[Global flags]
     intx CICompilerCount                          = 4                                         {product} {ergonomic}
     uint ConcGCThreads                            = 2                                         {product} {ergonomic}
     uint G1ConcRefinementThreads                  = 8                                         {product} {ergonomic}
   size_t G1HeapRegionSize                         = 1048576                                   {product} {ergonomic}
    uintx GCDrainStackTargetSize                   = 64                                        {product} {ergonomic}
   size_t InitialHeapSize                          = 266338304                                 {product} {ergonomic}
   size_t MarkStackSize                            = 4194304                                   {product} {ergonomic}
   size_t MaxHeapSize                              = 4255121408                                {product} {ergonomic}
   size_t MinHeapDeltaBytes                        = 1048576                                   {product} {ergonomic}
    uintx NonNMethodCodeHeapSize                   = 5836300                                {pd product} {ergonomic}
    uintx NonProfiledCodeHeapSize                  = 122910970                              {pd product} {ergonomic}
    uintx ProfiledCodeHeapSize                     = 122910970                              {pd product} {ergonomic}
    uintx ReservedCodeCacheSize                    = 251658240                              {pd product} {ergonomic}
     bool SegmentedCodeCache                       = true                                      {product} {ergonomic}
     bool UseCompressedClassPointers               = true                                 {lp64_product} {ergonomic}
     bool UseCompressedOops                        = true                                 {lp64_product} {ergonomic}
     bool UseG1GC                                  = true                                      {product} {ergonomic}
     bool UseLargePagesIndividualAllocation        = false                                  {pd product} {ergonomic}

Logging:
Log output configuration:
 #0: stdout all=warning uptime,level,tags
 #1: stderr all=off uptime,level,tags

Environment Variables:
PATH=C:\Windows\system32;C:\Windows;C:\Windows\System32\Wbem;C:\Windows\System32\WindowsPowerShell\v1.0\;C:\Windows\System32\OpenSSH\;C:\Program Files\Git\cmd;C:\Users\user\AppData\Local\Microsoft\WindowsApps;
USERNAME=user
OS=Windows_NT
PROCESSOR_IDENTIFIER=Intel64 Family 6 Model 142 Stepping 10, GenuineIntel



---------------  S Y S T E M  ---------------

OS: Windows 10 , 64 bit Build 17763 (10.0.17763.475)
OS uptime: 2 days 23:24 hours

CPU:total 8 (initial active 8) (4 cores per cpu, 2 threads per core) family 6 model 142 stepping 10 microcode 0xb4, cmov, cx8, fxsr, mmx, sse, sse2, sse3, ssse3, sse4.1, sse4.2, popcnt, avx, avx2, aes, clmul, erms, rtm, 3dnowpref, lzcnt, ht, tsc, tscinvbit, bmi1, bmi2, adx, fma

Memory: 4k page, system-wide physical 16226M (406M free)
TotalPageFile size 46674M (AvailPageFile size 24M)
current process WorkingSet (physical memory assigned to process): 9M, peak: 9M
current process commit charge ("private bytes"): 60M, peak: 314M

vm_info: OpenJDK 64-Bit Server VM (11.0.12+7-b1504.28-7817840) for windows-amd64 JRE (11.0.12+7-b1504.28-7817840), built on Oct 13 2021 22:12:33 by "builder" with MS VC++ 14.0 (VS2015)

END.
